[13:25:48] [ServerMain/INFO]: Environment: Environment[sessionHost=https://sessionserver.mojang.com, servicesHost=https://api.minecraftservices.com, profilesHost=https://api.mojang.com, name=PROD]
[13:25:52] [ServerMain/INFO]: Loaded 1461 recipes
[13:25:52] [ServerMain/INFO]: Loaded 1574 advancements
[13:25:52] [Server thread/INFO]: Starting minecraft server version 1.21.10
[13:25:52] [Server thread/INFO]: Loading properties
[13:25:52] [Server thread/INFO]: Default game type: SURVIVAL
[13:25:52] [Server thread/INFO]: Generating keypair
[13:25:52] [Server thread/INFO]: Starting Minecraft server on *:25565
[13:25:52] [Server thread/INFO]: Using default channel type
[13:25:52] [Server thread/WARN]: **** SERVER IS RUNNING IN OFFLINE/INSECURE MODE!
[13:25:52] [Server thread/WARN]: The server will make no attempt to authenticate usernames. Beware.
[13:25:52] [Server thread/WARN]: While this makes the game possible to play without internet access, it also opens up the ability for hackers to connect with any username they choose.
[13:25:52] [Server thread/WARN]: To change this, set "online-mode" to "true" in the server.properties file.
[13:25:52] [Server thread/INFO]: Preparing level "world"
[13:25:53] [Server thread/INFO]: Loading 0 persistent chunks...
[13:25:53] [Server thread/INFO]: Preparing spawn area: 100%
[13:25:53] [Server thread/INFO]: Time elapsed: 30 ms
[13:25:53] [Server thread/INFO]: Done (0.683s)! For help, type "help"
[13:25:54] [Yggdrasil Key Fetcher/ERROR]: Failed to request yggdrasil public key
com.mojang.authlib.exceptions.MinecraftClientException: Failed to read from https://api.minecraftservices.com/publickeys due to Read timed out
	at com.mojang.authlib.minecraft.client.MinecraftClient.readInputStream(MinecraftClient.java:111) ~[authlib-7.0.61.jar:?]
	at com.mojang.authlib.minecraft.client.MinecraftClient.get(MinecraftClient.java:56) ~[authlib-7.0.61.jar:?]
	at com.mojang.authlib.yggdrasil.YggdrasilServicesKeyInfo.fetch(YggdrasilServicesKeyInfo.java:114) ~[authlib-7.0.61.jar:?]
	at com.mojang.authlib.yggdrasil.YggdrasilServicesKeyInfo$1.run(YggdrasilServicesKeyInfo.java:89) ~[authlib-7.0.61.jar:?]
	at java.base/java.util.concurrent.Executors$RunnableAdapter.call(Executors.java:572) ~[?:?]
	at java.base/java.util.concurrent.FutureTask.run(FutureTask.java:317) ~[?:?]
	at java.base/java.util.concurrent.ScheduledThreadPoolExecutor$ScheduledFutureTask.run(ScheduledThreadPoolExecutor.java:304) ~[?:?]
	at java.base/java.util.concurrent.ThreadPoolExecutor.runWorker(ThreadPoolExecutor.java:1144) ~[?:?]
	at java.base/java.util.concurrent.ThreadPoolExecutor$Worker.run(ThreadPoolExecutor.java:642) ~[?:?]
	at java.base/java.lang.Thread.run(Thread.java:1583) [?:?]
Caused by: java.net.SocketTimeoutException: Read timed out
	at java.base/sun.nio.ch.NioSocketImpl.timedRead(NioSocketImpl.java:278) ~[?:?]
	at java.base/sun.nio.ch.NioSocketImpl.implRead(NioSocketImpl.java:304) ~[?:?]
	at java.base/sun.nio.ch.NioSocketImpl.read(NioSocketImpl.java:346) ~[?:?]
	at java.base/sun.nio.ch.NioSocketImpl$1.read(NioSocketImpl.java:796) ~[?:?]
	at java.base/java.net.Socket$SocketInputStream.read(Socket.java:1099) ~[?:?]
	at java.base/sun.security.ssl.SSLSocketInputRecord.read(SSLSocketInputRecord.java:489) ~[?:?]
	at java.base/sun.security.ssl.SSLSocketInputRecord.readHeader(SSLSocketInputRecord.java:483) ~[?:?]
	at java.base/sun.security.ssl.SSLSocketInputRecord.bytesInCompletePacket(SSLSocketInputRecord.java:70) ~[?:?]
	at java.base/sun.security.ssl.SSLSocketImpl.readApplicationRecord(SSLSocketImpl.java:1461) ~[?:?]
	at java.base/sun.security.ssl.SSLSocketImpl$AppInputStream.read(SSLSocketImpl.java:1066) ~[?:?]
	at java.base/java.io.BufferedInputStream.fill(BufferedInputStream.java:291) ~[?:?]
	at java.base/java.io.BufferedInputStream.read1(BufferedInputStream.java:347) ~[?:?]
	at java.base/java.io.BufferedInputStream.implRead(BufferedInputStream.java:420) ~[?:?]
	at java.base/java.io.BufferedInputStream.read(BufferedInputStream.java:399) ~[?:?]
	at java.base/sun.net.www.http.HttpClient.parseHTTPHeader(HttpClient.java:827) ~[?:?]
	at java.base/sun.net.www.http.HttpClient.parseHTTP(HttpClient.java:759) ~[?:?]
	at java.base/sun.net.www.protocol.http.HttpURLConnection.getInputStream0(HttpURLConnection.java:1720) ~[?:?]
	at java.base/sun.net.www.protocol.http.HttpURLConnection.getInputStream(HttpURLConnection.java:1629) ~[?:?]
	at java.base/java.net.HttpURLConnection.getResponseCode(HttpURLConnection.java:531) ~[?:?]
	at java.base/sun.net.www.protocol.https.HttpsURLConnectionImpl.getResponseCode(HttpsURLConnectionImpl.java:307) ~[?:?]
	at com.mojang.authlib.minecraft.client.MinecraftClient.readInputStream(MinecraftClient.java:82) ~[authlib-7.0.61.jar:?]
	... 9 more
[13:26:53] [Server thread/INFO]: Server empty for 60 seconds, pausing
[13:28:16] [Server thread/INFO]: dat[/26.59.11.240:50649] logged in with entity id 289 at (404.5, 63.0, 241.5)
[13:28:16] [Server thread/INFO]: dat joined the game
[13:28:18] [Server thread/WARN]: Can't keep up! Is the server overloaded? Running 2102ms or 42 ticks behind
[13:28:38] [Server thread/WARN]: Can't keep up! Is the server overloaded? Running 4918ms or 98 ticks behind
[13:38:59] [Server thread/INFO]: MinhKhoii[/26.107.92.215:56405] logged in with entity id 11392 at (251.30164693688243, 233.0, 51.69999998807907)
[13:38:59] [Server thread/INFO]: MinhKhoii joined the game
[13:40:20] [Server thread/INFO]: MinhKhoii lost connection: Disconnected
[13:40:20] [Server thread/INFO]: MinhKhoii left the game
[13:45:37] [Server thread/INFO]: Villager cyx['Villager'/311, l='ServerLevel[world]', x=349.70, y=56.19, z=231.30] died, message: 'Villager was squished too much'
[13:45:42] [Server thread/INFO]: Villager cyx['Villager'/314, l='ServerLevel[world]', x=349.70, y=56.19, z=231.70] died, message: 'Villager was squished too much'
[13:54:59] [Server thread/INFO]: Villager cyx['Villager'/317, l='ServerLevel[world]', x=349.70, y=56.19, z=231.70] died, message: 'Villager was squished too much'
[13:56:31] [Server thread/INFO]: Villager cyx['Villager'/310, l='ServerLevel[world]', x=349.30, y=56.19, z=231.70] died, message: 'Villager was squished too much'
[14:30:56] [Server thread/WARN]: dat moved too quickly! -10.192862376199741,-2.203907932765105,-14.343838297366574
[14:30:56] [Server thread/WARN]: Can't keep up! Is the server overloaded? Running 2670ms or 53 ticks behind
[14:32:56] [Server thread/WARN]: Mismatch in destroy block pos: ja{x=-913, y=62, z=-816} ja{x=-912, y=62, z=-816}
[14:56:56] [Server thread/INFO]: Stopping the server
[14:56:56] [Server thread/INFO]: Stopping server
[14:56:56] [Server thread/INFO]: Saving players
[14:56:56] [Server thread/INFO]: dat lost connection: Server closed
[14:56:56] [Server thread/INFO]: dat left the game
[14:56:56] [Server thread/INFO]: Saving worlds
[14:56:56] [Server thread/INFO]: Saving chunks for level 'ServerLevel[world]'/minecraft:overworld
[14:56:56] [Server thread/INFO]: Saving chunks for level 'ServerLevel[world]'/minecraft:the_nether
[14:56:56] [Server thread/INFO]: Saving chunks for level 'ServerLevel[world]'/minecraft:the_end
[14:56:56] [Server thread/INFO]: ThreadedAnvilChunkStorage (world): All chunks are saved
[14:56:56] [Server thread/INFO]: ThreadedAnvilChunkStorage (DIM-1): All chunks are saved
[14:56:56] [Server thread/INFO]: ThreadedAnvilChunkStorage (DIM1): All chunks are saved
[14:56:56] [Server thread/INFO]: ThreadedAnvilChunkStorage: All dimensions are saved
